  santa_mul.cc
d:\kaggle\santa\cpp\satan\santa_mul.cc(102): error C2065: 'timeval': undeclared identifier
d:\kaggle\santa\cpp\satan\santa_mul.cc(102): error C2146: syntax error: missing ';' before identifier 'tv'
d:\kaggle\santa\cpp\satan\santa_mul.cc(102): error C2065: 'tv': undeclared identifier
d:\kaggle\santa\cpp\satan\santa_mul.cc(103): error C2065: 'tv': undeclared identifier
d:\kaggle\santa\cpp\satan\santa_mul.cc(103): error C3861: 'gettimeofday': identifier not found
d:\kaggle\santa\cpp\satan\santa_mul.cc(104): error C2065: 'tv': undeclared identifier
d:\kaggle\santa\cpp\satan\santa_mul.cc(104): error C2228: left of '.tv_sec' must have class/struct/union
  d:\kaggle\santa\cpp\satan\santa_mul.cc(104): note: type is 'unknown-type'
d:\kaggle\santa\cpp\satan\santa_mul.cc(104): error C2228: left of '.tv_usec' must have class/struct/union
  d:\kaggle\santa\cpp\satan\santa_mul.cc(104): note: type is 'unknown-type'
d:\kaggle\santa\cpp\satan\santa_mul.cc(144): warning C4018: '<': signed/unsigned mismatch
d:\kaggle\santa\cpp\satan\santa_mul.cc(375): warning C4018: '<': signed/unsigned mismatch
d:\kaggle\santa\cpp\satan\santa_mul.cc(372): error C4996: 'fopen': This function or variable may be unsafe. Consider using fopen_s instead. To disable deprecation, use _CRT_SECURE_NO_WARNINGS. See online help for details.
  c:\program files (x86)\windows kits\10\include\10.0.10240.0\ucrt\stdio.h(205): note: see declaration of 'fopen'
d:\kaggle\santa\cpp\satan\santa_mul.cc(382): warning C4244: 'argument': conversion from 'time_t' to 'int', possible loss of data
d:\kaggle\santa\cpp\satan\santa_mul.cc(424): warning C4018: '<': signed/unsigned mismatch
d:\kaggle\santa\cpp\satan\santa_mul.cc(386): error C4996: 'fopen': This function or variable may be unsafe. Consider using fopen_s instead. To disable deprecation, use _CRT_SECURE_NO_WARNINGS. See online help for details.
  c:\program files (x86)\windows kits\10\include\10.0.10240.0\ucrt\stdio.h(205): note: see declaration of 'fopen'
d:\kaggle\santa\cpp\satan\santa_mul.cc(435): error C4996: 'sprintf': This function or variable may be unsafe. Consider using sprintf_s instead. To disable deprecation, use _CRT_SECURE_NO_WARNINGS. See online help for details.
  c:\program files (x86)\windows kits\10\include\10.0.10240.0\ucrt\stdio.h(1769): note: see declaration of 'sprintf'
d:\kaggle\santa\cpp\satan\santa_mul.cc(864): warning C4018: '<': signed/unsigned mismatch
d:\kaggle\santa\cpp\satan\santa_mul.cc(872): warning C4018: '<': signed/unsigned mismatch
d:\kaggle\santa\cpp\satan\santa_mul.cc(861): error C4996: 'fopen': This function or variable may be unsafe. Consider using fopen_s instead. To disable deprecation, use _CRT_SECURE_NO_WARNINGS. See online help for details.
  c:\program files (x86)\windows kits\10\include\10.0.10240.0\ucrt\stdio.h(205): note: see declaration of 'fopen'
d:\kaggle\santa\cpp\satan\santa_mul.cc(869): error C4996: 'fopen': This function or variable may be unsafe. Consider using fopen_s instead. To disable deprecation, use _CRT_SECURE_NO_WARNINGS. See online help for details.
  c:\program files (x86)\windows kits\10\include\10.0.10240.0\ucrt\stdio.h(205): note: see declaration of 'fopen'
d:\kaggle\santa\cpp\satan\santa_mul.cc(878): error C4996: 'fopen': This function or variable may be unsafe. Consider using fopen_s instead. To disable deprecation, use _CRT_SECURE_NO_WARNINGS. See online help for details.
  c:\program files (x86)\windows kits\10\include\10.0.10240.0\ucrt\stdio.h(205): note: see declaration of 'fopen'
d:\kaggle\santa\cpp\satan\santa_mul.cc(881): error C4996: 'fscanf': This function or variable may be unsafe. Consider using fscanf_s instead. To disable deprecation, use _CRT_SECURE_NO_WARNINGS. See online help for details.
  c:\program files (x86)\windows kits\10\include\10.0.10240.0\ucrt\stdio.h(1193): note: see declaration of 'fscanf'
d:\kaggle\santa\cpp\satan\santa_mul.cc(895): error C4996: 'fopen': This function or variable may be unsafe. Consider using fopen_s instead. To disable deprecation, use _CRT_SECURE_NO_WARNINGS. See online help for details.
  c:\program files (x86)\windows kits\10\include\10.0.10240.0\ucrt\stdio.h(205): note: see declaration of 'fopen'
d:\kaggle\santa\cpp\satan\santa_mul.cc(896): error C4996: 'fscanf': This function or variable may be unsafe. Consider using fscanf_s instead. To disable deprecation, use _CRT_SECURE_NO_WARNINGS. See online help for details.
  c:\program files (x86)\windows kits\10\include\10.0.10240.0\ucrt\stdio.h(1193): note: see declaration of 'fscanf'
d:\kaggle\santa\cpp\satan\santa_mul.cc(900): error C4996: 'fscanf': This function or variable may be unsafe. Consider using fscanf_s instead. To disable deprecation, use _CRT_SECURE_NO_WARNINGS. See online help for details.
  c:\program files (x86)\windows kits\10\include\10.0.10240.0\ucrt\stdio.h(1193): note: see declaration of 'fscanf'
d:\kaggle\santa\cpp\satan\santa_mul.cc(906): error C4996: 'fopen': This function or variable may be unsafe. Consider using fopen_s instead. To disable deprecation, use _CRT_SECURE_NO_WARNINGS. See online help for details.
  c:\program files (x86)\windows kits\10\include\10.0.10240.0\ucrt\stdio.h(205): note: see declaration of 'fopen'
d:\kaggle\santa\cpp\satan\santa_mul.cc(909): error C4996: 'fscanf': This function or variable may be unsafe. Consider using fscanf_s instead. To disable deprecation, use _CRT_SECURE_NO_WARNINGS. See online help for details.
  c:\program files (x86)\windows kits\10\include\10.0.10240.0\ucrt\stdio.h(1193): note: see declaration of 'fscanf'
d:\kaggle\santa\cpp\satan\santa_mul.cc(931): error C4996: 'sscanf': This function or variable may be unsafe. Consider using sscanf_s instead. To disable deprecation, use _CRT_SECURE_NO_WARNINGS. See online help for details.
  c:\program files (x86)\windows kits\10\include\10.0.10240.0\ucrt\stdio.h(2254): note: see declaration of 'sscanf'
d:\kaggle\santa\cpp\satan\santa_mul.cc(933): error C4996: 'sscanf': This function or variable may be unsafe. Consider using sscanf_s instead. To disable deprecation, use _CRT_SECURE_NO_WARNINGS. See online help for details.
  c:\program files (x86)\windows kits\10\include\10.0.10240.0\ucrt\stdio.h(2254): note: see declaration of 'sscanf'
d:\kaggle\santa\cpp\satan\santa_mul.cc(936): error C4996: 'sscanf': This function or variable may be unsafe. Consider using sscanf_s instead. To disable deprecation, use _CRT_SECURE_NO_WARNINGS. See online help for details.
  c:\program files (x86)\windows kits\10\include\10.0.10240.0\ucrt\stdio.h(2254): note: see declaration of 'sscanf'
